2016-11-30 09:40:39,098	INFO	[venusweb.task.FetchTask.fetch][	45] [start]true,http://localhost/index.php?s=/home/data/core/id/{0}.html
2016-11-30 09:40:40,048	ERROR	[venusweb.task.FetchTask.fetch][	138] [except]D:\workspace\Venus\Uploads\Picture\2016-11-29\583d26fc39a2d.jpg (系统找不到指定的路径。)
2016-11-30 09:40:40,050	INFO	[venusweb.task.FetchTask.fetch][	140] [end]
2016-11-30 09:40:44,087	INFO	[venusweb.task.FetchTask.fetch][	45] [start]true,http://localhost/index.php?s=/home/data/core/id/{0}.html
2016-11-30 09:40:44,172	ERROR	[venusweb.task.FetchTask.fetch][	138] [except]D:\workspace\Venus\Uploads\Picture\2016-11-29\583d26fc39a2d.jpg (系统找不到指定的路径。)
2016-11-30 09:40:44,173	INFO	[venusweb.task.FetchTask.fetch][	140] [end]
2016-11-30 09:41:45,595	INFO	[venusweb.task.FetchTask.fetch][	45] [start]true,http://localhost/index.php?s=/home/data/core/id/{0}.html
2016-11-30 09:41:46,436	ERROR	[venusweb.task.FetchTask.fetch][	138] [except]D:\workspace\Venus\Uploads\Picture\2016-11-29\583d26fc39a2d.jpg (系统找不到指定的路径。)
2016-11-30 09:41:46,436	INFO	[venusweb.task.FetchTask.fetch][	140] [end]
2016-11-30 09:42:47,035	INFO	[venusweb.task.FetchTask.fetch][	45] [start]true,http://localhost/index.php?s=/home/data/core/id/{0}.html
2016-11-30 09:42:47,877	ERROR	[venusweb.task.FetchTask.fetch][	140] [except]系统找不到指定的路径。
2016-11-30 09:42:47,878	INFO	[venusweb.task.FetchTask.fetch][	142] [end]
2016-11-30 09:43:12,605	INFO	[venusweb.task.FetchTask.fetch][	45] [start]true,http://localhost/index.php?s=/home/data/core/id/{0}.html
2016-11-30 09:45:39,189	INFO	[venusweb.task.FetchTask.fetch][	45] [start]true,http://localhost/index.php?s=/home/data/core/id/{0}.html
2016-11-30 09:46:18,761	INFO	[venusweb.task.FetchTask.fetch][	45] [start]true,http://localhost/index.php?s=/home/data/core/id/{0}.html
2016-11-30 09:47:08,832	INFO	[venusweb.task.FetchTask.fetch][	45] [start]true,http://localhost/index.php?s=/home/data/core/id/{0}.html
2016-11-30 09:47:23,456	ERROR	[venusweb.task.FetchTask.fetch][	145] [except]127.0.0.1null
2016-11-30 09:47:24,919	INFO	[venusweb.task.FetchTask.fetch][	147] [end]
2016-11-30 09:47:24,920	INFO	[venusweb.task.FetchTask.fetch][	45] [start]true,http://localhost/index.php?s=/home/data/core/id/{0}.html
2016-11-30 09:47:25,024	ERROR	[venusweb.task.FetchTask.fetch][	145] [except]127.0.0.1null
2016-11-30 09:47:25,024	INFO	[venusweb.task.FetchTask.fetch][	147] [end]
2016-11-30 09:47:25,024	INFO	[venusweb.task.FetchTask.fetch][	45] [start]true,http://localhost/index.php?s=/home/data/core/id/{0}.html
2016-11-30 09:47:25,109	ERROR	[venusweb.task.FetchTask.fetch][	145] [except]127.0.0.1null
2016-11-30 09:47:25,109	INFO	[venusweb.task.FetchTask.fetch][	147] [end]
2016-11-30 09:47:25,109	INFO	[venusweb.task.FetchTask.fetch][	45] [start]true,http://localhost/index.php?s=/home/data/core/id/{0}.html
2016-11-30 09:47:25,201	ERROR	[venusweb.task.FetchTask.fetch][	145] [except]127.0.0.1null
2016-11-30 09:47:25,201	INFO	[venusweb.task.FetchTask.fetch][	147] [end]
2016-11-30 09:50:12,184	INFO	[venusweb.task.FetchTask.fetch][	45] [start]true,http://localhost/index.php?s=/home/data/core/id/{0}.html
2016-11-30 09:50:14,252	INFO	[venusweb.task.FetchTask.fetch][	152] [end]
2016-11-30 09:50:17,184	INFO	[venusweb.task.FetchTask.fetch][	45] [start]true,http://localhost/index.php?s=/home/data/core/id/{0}.html
2016-11-30 09:50:18,278	INFO	[venusweb.task.FetchTask.fetch][	152] [end]
2016-11-30 09:50:22,184	INFO	[venusweb.task.FetchTask.fetch][	45] [start]true,http://localhost/index.php?s=/home/data/core/id/{0}.html
2016-11-30 09:50:23,319	INFO	[venusweb.task.FetchTask.fetch][	152] [end]
2016-11-30 09:50:27,183	INFO	[venusweb.task.FetchTask.fetch][	45] [start]true,http://localhost/index.php?s=/home/data/core/id/{0}.html
2016-11-30 09:50:28,226	INFO	[venusweb.task.FetchTask.fetch][	152] [end]
2016-11-30 09:50:32,184	INFO	[venusweb.task.FetchTask.fetch][	45] [start]true,http://localhost/index.php?s=/home/data/core/id/{0}.html
2016-11-30 09:50:33,198	INFO	[venusweb.task.FetchTask.fetch][	152] [end]
2016-11-30 09:50:37,184	INFO	[venusweb.task.FetchTask.fetch][	45] [start]true,http://localhost/index.php?s=/home/data/core/id/{0}.html
2016-11-30 09:50:38,155	INFO	[venusweb.task.FetchTask.fetch][	152] [end]
2016-11-30 09:50:42,183	INFO	[venusweb.task.FetchTask.fetch][	45] [start]true,http://localhost/index.php?s=/home/data/core/id/{0}.html
2016-11-30 09:52:54,520	INFO	[venusweb.task.FetchTask.fetch][	45] [start]true,http://localhost/index.php?s=/home/data/core/id/{0}.html
2016-11-30 09:52:56,678	INFO	[venusweb.task.FetchTask.fetch][	151] [end]
2016-11-30 09:52:59,516	INFO	[venusweb.task.FetchTask.fetch][	45] [start]true,http://localhost/index.php?s=/home/data/core/id/{0}.html
2016-11-30 09:53:00,557	INFO	[venusweb.task.FetchTask.fetch][	151] [end]
2016-11-30 09:53:04,515	INFO	[venusweb.task.FetchTask.fetch][	45] [start]true,http://localhost/index.php?s=/home/data/core/id/{0}.html
2016-11-30 09:53:05,620	INFO	[venusweb.task.FetchTask.fetch][	151] [end]
2016-11-30 09:53:09,515	INFO	[venusweb.task.FetchTask.fetch][	45] [start]true,http://localhost/index.php?s=/home/data/core/id/{0}.html
2016-11-30 09:53:10,353	INFO	[venusweb.task.FetchTask.fetch][	151] [end]
2016-11-30 09:53:14,530	INFO	[venusweb.task.FetchTask.fetch][	45] [start]true,http://localhost/index.php?s=/home/data/core/id/{0}.html
2016-11-30 09:53:15,301	INFO	[venusweb.task.FetchTask.fetch][	151] [end]
2016-11-30 09:53:19,525	INFO	[venusweb.task.FetchTask.fetch][	45] [start]true,http://localhost/index.php?s=/home/data/core/id/{0}.html
2016-11-30 09:53:20,910	INFO	[venusweb.task.FetchTask.fetch][	151] [end]
2016-11-30 09:53:24,526	INFO	[venusweb.task.FetchTask.fetch][	45] [start]true,http://localhost/index.php?s=/home/data/core/id/{0}.html
2016-11-30 09:53:25,211	INFO	[venusweb.task.FetchTask.fetch][	151] [end]
2016-11-30 09:53:29,521	INFO	[venusweb.task.FetchTask.fetch][	45] [start]true,http://localhost/index.php?s=/home/data/core/id/{0}.html
2016-11-30 09:53:30,345	INFO	[venusweb.task.FetchTask.fetch][	151] [end]
2016-11-30 09:53:34,515	INFO	[venusweb.task.FetchTask.fetch][	45] [start]true,http://localhost/index.php?s=/home/data/core/id/{0}.html
2016-11-30 09:53:35,181	INFO	[venusweb.task.FetchTask.fetch][	151] [end]
2016-11-30 09:53:39,529	INFO	[venusweb.task.FetchTask.fetch][	45] [start]true,http://localhost/index.php?s=/home/data/core/id/{0}.html
2016-11-30 09:53:40,200	INFO	[venusweb.task.FetchTask.fetch][	151] [end]
2016-11-30 09:53:44,519	INFO	[venusweb.task.FetchTask.fetch][	45] [start]true,http://localhost/index.php?s=/home/data/core/id/{0}.html
2016-11-30 09:53:45,220	INFO	[venusweb.task.FetchTask.fetch][	151] [end]
2016-11-30 09:53:49,518	INFO	[venusweb.task.FetchTask.fetch][	45] [start]true,http://localhost/index.php?s=/home/data/core/id/{0}.html
2016-11-30 09:53:50,303	INFO	[venusweb.task.FetchTask.fetch][	151] [end]
2016-11-30 09:53:54,515	INFO	[venusweb.task.FetchTask.fetch][	45] [start]true,http://localhost/index.php?s=/home/data/core/id/{0}.html
2016-11-30 09:53:55,384	INFO	[venusweb.task.FetchTask.fetch][	151] [end]
2016-11-30 09:53:59,515	INFO	[venusweb.task.FetchTask.fetch][	45] [start]true,http://localhost/index.php?s=/home/data/core/id/{0}.html
2016-11-30 09:54:00,376	INFO	[venusweb.task.FetchTask.fetch][	151] [end]
2016-11-30 09:54:04,515	INFO	[venusweb.task.FetchTask.fetch][	45] [start]true,http://localhost/index.php?s=/home/data/core/id/{0}.html
2016-11-30 09:54:05,373	INFO	[venusweb.task.FetchTask.fetch][	151] [end]
2016-11-30 09:54:09,516	INFO	[venusweb.task.FetchTask.fetch][	45] [start]true,http://localhost/index.php?s=/home/data/core/id/{0}.html
2016-11-30 09:54:10,364	INFO	[venusweb.task.FetchTask.fetch][	151] [end]
2016-11-30 09:54:14,515	INFO	[venusweb.task.FetchTask.fetch][	45] [start]true,http://localhost/index.php?s=/home/data/core/id/{0}.html
2016-11-30 09:54:15,399	INFO	[venusweb.task.FetchTask.fetch][	151] [end]
2016-11-30 09:54:19,516	INFO	[venusweb.task.FetchTask.fetch][	45] [start]true,http://localhost/index.php?s=/home/data/core/id/{0}.html
2016-11-30 09:54:20,393	INFO	[venusweb.task.FetchTask.fetch][	151] [end]
2016-11-30 09:54:24,515	INFO	[venusweb.task.FetchTask.fetch][	45] [start]true,http://localhost/index.php?s=/home/data/core/id/{0}.html
2016-11-30 09:54:25,398	INFO	[venusweb.task.FetchTask.fetch][	151] [end]
2016-11-30 09:54:29,516	INFO	[venusweb.task.FetchTask.fetch][	45] [start]true,http://localhost/index.php?s=/home/data/core/id/{0}.html
2016-11-30 09:54:30,436	INFO	[venusweb.task.FetchTask.fetch][	151] [end]
2016-11-30 09:54:34,515	INFO	[venusweb.task.FetchTask.fetch][	45] [start]true,http://localhost/index.php?s=/home/data/core/id/{0}.html
2016-11-30 09:54:35,353	INFO	[venusweb.task.FetchTask.fetch][	151] [end]
2016-11-30 09:54:39,514	INFO	[venusweb.task.FetchTask.fetch][	45] [start]true,http://localhost/index.php?s=/home/data/core/id/{0}.html
2016-11-30 09:54:40,385	INFO	[venusweb.task.FetchTask.fetch][	151] [end]
2016-11-30 09:54:44,515	INFO	[venusweb.task.FetchTask.fetch][	45] [start]true,http://localhost/index.php?s=/home/data/core/id/{0}.html
2016-11-30 09:54:45,466	INFO	[venusweb.task.FetchTask.fetch][	151] [end]
2016-11-30 09:54:49,515	INFO	[venusweb.task.FetchTask.fetch][	45] [start]true,http://localhost/index.php?s=/home/data/core/id/{0}.html
2016-11-30 09:54:50,518	INFO	[venusweb.task.FetchTask.fetch][	151] [end]
2016-11-30 09:54:54,515	INFO	[venusweb.task.FetchTask.fetch][	45] [start]true,http://localhost/index.php?s=/home/data/core/id/{0}.html
2016-11-30 09:54:55,484	INFO	[venusweb.task.FetchTask.fetch][	151] [end]
2016-11-30 09:54:59,515	INFO	[venusweb.task.FetchTask.fetch][	45] [start]true,http://localhost/index.php?s=/home/data/core/id/{0}.html
2016-11-30 09:55:00,407	INFO	[venusweb.task.FetchTask.fetch][	151] [end]
2016-11-30 09:55:04,515	INFO	[venusweb.task.FetchTask.fetch][	45] [start]true,http://localhost/index.php?s=/home/data/core/id/{0}.html
2016-11-30 09:55:05,460	INFO	[venusweb.task.FetchTask.fetch][	151] [end]
2016-11-30 09:55:09,516	INFO	[venusweb.task.FetchTask.fetch][	45] [start]true,http://localhost/index.php?s=/home/data/core/id/{0}.html
2016-11-30 09:55:10,321	INFO	[venusweb.task.FetchTask.fetch][	151] [end]
2016-11-30 09:55:14,516	INFO	[venusweb.task.FetchTask.fetch][	45] [start]true,http://localhost/index.php?s=/home/data/core/id/{0}.html
2016-11-30 09:55:15,445	INFO	[venusweb.task.FetchTask.fetch][	151] [end]
2016-11-30 09:55:19,516	INFO	[venusweb.task.FetchTask.fetch][	45] [start]true,http://localhost/index.php?s=/home/data/core/id/{0}.html
2016-11-30 09:55:20,294	INFO	[venusweb.task.FetchTask.fetch][	151] [end]
2016-11-30 09:55:24,515	INFO	[venusweb.task.FetchTask.fetch][	45] [start]true,http://localhost/index.php?s=/home/data/core/id/{0}.html
2016-11-30 09:55:25,438	INFO	[venusweb.task.FetchTask.fetch][	151] [end]
2016-11-30 09:55:29,516	INFO	[venusweb.task.FetchTask.fetch][	45] [start]true,http://localhost/index.php?s=/home/data/core/id/{0}.html
2016-11-30 09:55:30,392	INFO	[venusweb.task.FetchTask.fetch][	151] [end]
2016-11-30 09:55:34,515	INFO	[venusweb.task.FetchTask.fetch][	45] [start]true,http://localhost/index.php?s=/home/data/core/id/{0}.html
2016-11-30 09:55:35,363	INFO	[venusweb.task.FetchTask.fetch][	151] [end]
2016-11-30 09:55:39,515	INFO	[venusweb.task.FetchTask.fetch][	45] [start]true,http://localhost/index.php?s=/home/data/core/id/{0}.html
2016-11-30 09:55:40,340	INFO	[venusweb.task.FetchTask.fetch][	151] [end]
2016-11-30 09:55:44,515	INFO	[venusweb.task.FetchTask.fetch][	45] [start]true,http://localhost/index.php?s=/home/data/core/id/{0}.html
2016-11-30 09:55:45,363	INFO	[venusweb.task.FetchTask.fetch][	151] [end]
2016-11-30 09:55:49,515	INFO	[venusweb.task.FetchTask.fetch][	45] [start]true,http://localhost/index.php?s=/home/data/core/id/{0}.html
2016-11-30 09:55:50,365	INFO	[venusweb.task.FetchTask.fetch][	151] [end]
2016-11-30 09:55:54,516	INFO	[venusweb.task.FetchTask.fetch][	45] [start]true,http://localhost/index.php?s=/home/data/core/id/{0}.html
2016-11-30 09:55:55,367	INFO	[venusweb.task.FetchTask.fetch][	151] [end]
2016-11-30 09:55:59,516	INFO	[venusweb.task.FetchTask.fetch][	45] [start]true,http://localhost/index.php?s=/home/data/core/id/{0}.html
2016-11-30 09:56:00,453	INFO	[venusweb.task.FetchTask.fetch][	151] [end]
2016-11-30 09:56:04,515	INFO	[venusweb.task.FetchTask.fetch][	45] [start]true,http://localhost/index.php?s=/home/data/core/id/{0}.html
2016-11-30 09:56:05,364	INFO	[venusweb.task.FetchTask.fetch][	151] [end]
2016-11-30 09:56:09,516	INFO	[venusweb.task.FetchTask.fetch][	45] [start]true,http://localhost/index.php?s=/home/data/core/id/{0}.html
2016-11-30 09:56:10,362	INFO	[venusweb.task.FetchTask.fetch][	151] [end]
2016-11-30 09:56:14,515	INFO	[venusweb.task.FetchTask.fetch][	45] [start]true,http://localhost/index.php?s=/home/data/core/id/{0}.html
2016-11-30 09:56:15,366	INFO	[venusweb.task.FetchTask.fetch][	151] [end]
2016-11-30 09:56:19,515	INFO	[venusweb.task.FetchTask.fetch][	45] [start]true,http://localhost/index.php?s=/home/data/core/id/{0}.html
2016-11-30 09:56:20,385	INFO	[venusweb.task.FetchTask.fetch][	151] [end]
